[debug] [2023-08-19T21:21:33.908Z] ----------------------------------------------------------------------
[debug] [2023-08-19T21:21:33.910Z] Command:       C:\Program Files\nodejs\node.exe C:\Users\Xpertsolvers\AppData\Roaming\npm\node_modules\firebase-tools\lib\bin\firebase.js init
[debug] [2023-08-19T21:21:33.911Z] CLI Version:   12.4.8
[debug] [2023-08-19T21:21:33.911Z] Platform:      win32
[debug] [2023-08-19T21:21:33.912Z] Node Version:  v16.18.1
[debug] [2023-08-19T21:21:33.913Z] Time:          Sun Aug 20 2023 03:21:33 GMT+0600 (Bangladesh Standard Time)
[debug] [2023-08-19T21:21:33.913Z] ----------------------------------------------------------------------
[debug] 
[debug] [2023-08-19T21:21:33.920Z] > command requires scopes: ["email","openid","https://www.googleapis.com/auth/cloudplatformprojects.readonly","https://www.googleapis.com/auth/firebase","https://www.googleapis.com/auth/cloud-platform"]
[debug] [2023-08-19T21:21:33.920Z] > authorizing via signed-in user (abusurajbd@gmail.com)
[info] 
     ######## #### ########  ######## ########     ###     ######  ########
     ##        ##  ##     ## ##       ##     ##  ##   ##  ##       ##
     ######    ##  ########  ######   ########  #########  ######  ######
     ##        ##  ##    ##  ##       ##     ## ##     ##       ## ##
     ##       #### ##     ## ######## ########  ##     ##  ######  ########

You're about to initialize a Firebase project in this directory:

  D:\Personal-Coding\projects\personal-projects-angular\dashboard-angular

[info] 
=== Project Setup
[info] 
[info] First, let's associate this project directory with a Firebase project.
[info] You can create multiple project aliases by running firebase use --add, 
[info] but for now we'll just set up a default project.
[info] 
[info] i  If you want to create a project in a Google Cloud organization or folder, please use "firebase projects:create" instead, and return to this command when you've created the project. 
